[boostifythemes.com/demo/html/wanderlust/index.html]
[backblue.gif]
[fade.gif]
[index.html]
[boostifythemes.com/demo/html/wanderlust/assets/styles/css/slick.css]
[boostifythemes.com/demo/html/wanderlust/assets/styles/css/slick-theme.css]
[boostifythemes.com/demo/html/wanderlust/assets/styles/css/jquery.datepicker2.css]
[boostifythemes.com/demo/html/wanderlust/assets/styles/css/animate.css]
[boostifythemes.com/demo/html/wanderlust/index-2.html]
[boostifythemes.com/demo/html/wanderlust/assets/styles/style.css]
[boostifythemes.com/demo/html/wanderlust/assets/images/logo.png]
[boostifythemes.com/demo/html/wanderlust/index-3.html]
[boostifythemes.com/demo/html/wanderlust/index-4.html]
[boostifythemes.com/demo/html/wanderlust/index-5.html]
[boostifythemes.com/demo/html/wanderlust/index-6.html]
[boostifythemes.com/demo/html/wanderlust/tour-grid.html]
[boostifythemes.com/demo/html/wanderlust/tour-list.html]
[boostifythemes.com/demo/html/wanderlust/tour-item.html]
[boostifythemes.com/demo/html/wanderlust/tour-item-2.html]
[boostifythemes.com/demo/html/wanderlust/tour-item-3.html]
[boostifythemes.com/demo/html/wanderlust/destination-grid.html]
[boostifythemes.com/demo/html/wanderlust/destination-mansory.html]
[boostifythemes.com/demo/html/wanderlust/destination-item.html]
[boostifythemes.com/demo/html/wanderlust/blog.html]
[boostifythemes.com/demo/html/wanderlust/blog-grid.html]
[boostifythemes.com/demo/html/wanderlust/blog-single.html]
[boostifythemes.com/demo/html/wanderlust/aboutus.html]
[boostifythemes.com/demo/html/wanderlust/404.html]
[boostifythemes.com/demo/html/wanderlust/contact.html]
[boostifythemes.com/demo/html/wanderlust/assets/images/account.png]
[boostifythemes.com/demo/html/wanderlust/assets/images/headersearch.png]
[boostifythemes.com/demo/html/wanderlust/assets/images/uploads/pagebanner/header1-tittle.png]
[boostifythemes.com/demo/html/wanderlust/assets/images/uploads/destination/desti1.jpg]
[boostifythemes.com/demo/html/wanderlust/assets/images/uploads/destination/desti2.jpg]
[boostifythemes.com/demo/html/wanderlust/assets/images/uploads/destination/desti3.jpg]
[boostifythemes.com/demo/html/wanderlust/assets/images/uploads/destination/desti4.jpg]
[boostifythemes.com/demo/html/wanderlust/assets/images/uploads/tours/tour1.jpg]
[boostifythemes.com/demo/html/wanderlust/assets/images/tours/lasting.png]
[boostifythemes.com/demo/html/wanderlust/assets/images/uploads/tours/tour2.jpg]
[boostifythemes.com/demo/html/wanderlust/assets/images/uploads/tours/tour3.jpg]
[boostifythemes.com/demo/html/wanderlust/assets/images/uploads/tours/tour4.jpg]
[boostifythemes.com/demo/html/wanderlust/assets/images/uploads/tours/tour5.jpg]
[boostifythemes.com/demo/html/wanderlust/assets/images/uploads/tours/tour6.jpg]
[boostifythemes.com/demo/html/wanderlust/assets/images/uploads/video-popup/melbouensnow.png]
[boostifythemes.com/demo/html/wanderlust/assets/images/video-popup/btn-popup.png]
[boostifythemes.com/demo/html/wanderlust/assets/images/uploads/video-popup/imgSnowtour.jpg]
[boostifythemes.com/demo/html/wanderlust/assets/images/uploads/testi/traveltip1.png]
[boostifythemes.com/demo/html/wanderlust/assets/images/footerlogo.png]
[boostifythemes.com/demo/html/wanderlust/assets/images/socials/copytight-instar.png]
[boostifythemes.com/demo/html/wanderlust/assets/images/socials/copytight-facebook.png]
[boostifythemes.com/demo/html/wanderlust/assets/images/socials/copytight-twitter.png]
[boostifythemes.com/demo/html/wanderlust/assets/scripts/jquery-3.4.1.js]
[boostifythemes.com/demo/html/wanderlust/assets/scripts/slick.min.js]
[boostifythemes.com/demo/html/wanderlust/assets/scripts/isotope.pkgd.min.js]
[boostifythemes.com/demo/html/wanderlust/assets/scripts/jquery.datepicker2.js]
[boostifythemes.com/demo/html/wanderlust/assets/scripts/app.js]
[boostifythemes.com/demo/html/wanderlust/index.html]
[boostifythemes.com/demo/html/wanderlust/assets/styles/css/slick.css]
[boostifythemes.com/demo/html/wanderlust/assets/styles/css/ajax-loader.gif]
[boostifythemes.com/demo/html/wanderlust/assets/styles/css/slick-theme.css]
[boostifythemes.com/demo/html/wanderlust/assets/styles/css/jquery.datepicker2.css]
[boostifythemes.com/demo/html/wanderlust/assets/styles/css/animate.css]
[boostifythemes.com/demo/html/wanderlust/assets/styles/fonts/fontawesome-webfont.eot]
[boostifythemes.com/demo/html/wanderlust/assets/styles/fonts/fontawesome-webfont.woff2]
[boostifythemes.com/demo/html/wanderlust/assets/styles/fonts/fontawesome-webfont.woff]
[boostifythemes.com/demo/html/wanderlust/assets/styles/fonts/fontawesome-webfont.ttf]
[boostifythemes.com/demo/html/wanderlust/assets/styles/fonts/fontawesome-webfont.svg]
[boostifythemes.com/demo/html/wanderlust/assets/styles/fonts/webfonts/fa-regular-400.eot]
[boostifythemes.com/demo/html/wanderlust/assets/styles/fonts/webfonts/fa-regular-400d41d.eot]
[boostifythemes.com/demo/html/wanderlust/assets/styles/fonts/webfonts/fa-regular-400.woff2]
[boostifythemes.com/demo/html/wanderlust/assets/styles/fonts/webfonts/fa-regular-400.woff]
[boostifythemes.com/demo/html/wanderlust/assets/styles/fonts/webfonts/fa-regular-400.ttf]
[boostifythemes.com/demo/html/wanderlust/assets/styles/fonts/webfonts/fa-regular-400.svg]
[boostifythemes.com/demo/html/wanderlust/assets/styles/fonts/webfonts/fa-solid-900.eot]
[boostifythemes.com/demo/html/wanderlust/assets/styles/fonts/webfonts/fa-solid-900d41d.eot]
[boostifythemes.com/demo/html/wanderlust/assets/styles/fonts/webfonts/fa-solid-900.woff2]
[boostifythemes.com/demo/html/wanderlust/assets/styles/fonts/webfonts/fa-solid-900.woff]
[boostifythemes.com/demo/html/wanderlust/assets/styles/fonts/webfonts/fa-brands-400.eot]
[boostifythemes.com/demo/html/wanderlust/assets/styles/fonts/webfonts/fa-brands-400d41d.eot]
[boostifythemes.com/demo/html/wanderlust/assets/styles/fonts/webfonts/fa-brands-400.woff2]
[boostifythemes.com/demo/html/wanderlust/assets/styles/fonts/webfonts/fa-brands-400.woff]
[boostifythemes.com/demo/html/wanderlust/assets/styles/fonts/webfonts/fa-brands-400.ttf]
[boostifythemes.com/demo/html/wanderlust/assets/styles/fonts/webfonts/fa-solid-900.svg]
[boostifythemes.com/demo/html/wanderlust/assets/styles/fonts/Lato/lato-v15-latin-regular.eot]
[boostifythemes.com/demo/html/wanderlust/assets/styles/fonts/Lato/lato-v15-latin-regular.woff2]
[boostifythemes.com/demo/html/wanderlust/assets/styles/fonts/Lato/lato-v15-latin-regular.woff]
[boostifythemes.com/demo/html/wanderlust/assets/styles/fonts/Lato/lato-v15-latin-regular.ttf]
[boostifythemes.com/demo/html/wanderlust/assets/styles/fonts/Lato/lato-v15-latin-regular.svg]
[boostifythemes.com/demo/html/wanderlust/assets/styles/fonts/Lato/lato-v15-latin-700.eot]
[boostifythemes.com/demo/html/wanderlust/assets/styles/fonts/webfonts/fa-brands-400.svg]
[boostifythemes.com/demo/html/wanderlust/assets/styles/fonts/Lato/lato-v15-latin-700.woff]
[boostifythemes.com/demo/html/wanderlust/assets/styles/fontsLato/lato-v15-latin-700.woff2]
[boostifythemes.com/demo/html/wanderlust/assets/styles/fonts/Lato/lato-v15-latin-700.ttf]
[boostifythemes.com/demo/html/wanderlust/assets/styles/fonts/Lato/lato-v15-latin-700.svg]
[boostifythemes.com/demo/html/wanderlust/assets/styles/fonts/Lato/lato-v15-latin-300.eot]
[boostifythemes.com/demo/html/wanderlust/assets/styles/fonts/Lato/lato-v15-latin-300.woff2]
[boostifythemes.com/demo/html/wanderlust/assets/styles/fonts/Lato/lato-v15-latin-300.ttf]
[boostifythemes.com/demo/html/wanderlust/assets/styles/fonts/Lato/lato-v15-latin-300.svg]
[boostifythemes.com/demo/html/wanderlust/assets/styles/fonts/Lato/lato-v15-latin-900.eot]
[boostifythemes.com/demo/html/wanderlust/assets/styles/fonts/Lato/lato-v15-latin-900.woff]
[boostifythemes.com/demo/html/wanderlust/assets/styles/fontsLato/lato-v15-latin-900.woff2]
[boostifythemes.com/demo/html/wanderlust/assets/styles/fonts/Lato/lato-v15-latin-900.ttf]
[boostifythemes.com/demo/html/wanderlust/assets/styles/fonts/Lato/lato-v15-latin-900.svg]
[boostifythemes.com/demo/html/wanderlust/assets/styles/fonts/Ubuntu/ubuntu-v14-latin-300.woff2]
[boostifythemes.com/demo/html/wanderlust/assets/styles/fonts/Ubuntu/ubuntu-v14-latin-300.woff]
[boostifythemes.com/demo/html/wanderlust/assets/styles/fonts/Ubuntu/ubuntu-v14-latin-300.ttf]
[boostifythemes.com/demo/html/wanderlust/assets/styles/fonts/Ubuntu/ubuntu-v14-latin-300.svg]
[boostifythemes.com/demo/html/wanderlust/assets/styles/fonts/Ubuntu/ubuntu-v14-latin-300italic.eot]
[boostifythemes.com/demo/html/wanderlust/assets/styles/fonts/Ubuntu/ubuntu-v14-latin-300italicd41d.eot]
[boostifythemes.com/demo/html/wanderlust/assets/styles/fonts/Ubuntu/ubuntu-v14-latin-300italic.woff2]
[boostifythemes.com/demo/html/wanderlust/assets/styles/fonts/Ubuntu/ubuntu-v14-latin-300italic.woff]
[boostifythemes.com/demo/html/wanderlust/assets/styles/fonts/Ubuntu/ubuntu-v14-latin-300italic.ttf]
[boostifythemes.com/demo/html/wanderlust/assets/styles/fonts/Ubuntu/ubuntu-v14-latin-300italic.svg]
[boostifythemes.com/demo/html/wanderlust/assets/styles/fonts/Ubuntu/ubuntu-v14-latin-regular.eot]
[boostifythemes.com/demo/html/wanderlust/assets/styles/fonts/Ubuntu/ubuntu-v14-latin-regulard41d.eot]
[boostifythemes.com/demo/html/wanderlust/assets/styles/fonts/Ubuntu/ubuntu-v14-latin-regular.woff2]
[boostifythemes.com/demo/html/wanderlust/assets/styles/fonts/Ubuntu/ubuntu-v14-latin-regular.woff]
[boostifythemes.com/demo/html/wanderlust/assets/styles/fonts/Ubuntu/ubuntu-v14-latin-regular.ttf]
[boostifythemes.com/demo/html/wanderlust/assets/styles/fonts/Ubuntu/ubuntu-v14-latin-regular.svg]
[boostifythemes.com/demo/html/wanderlust/assets/styles/fonts/Ubuntu/ubuntu-v14-latin-italic.eot]
[boostifythemes.com/demo/html/wanderlust/assets/styles/fonts/Ubuntu/ubuntu-v14-latin-italicd41d.eot]
[boostifythemes.com/demo/html/wanderlust/assets/styles/fonts/Ubuntu/ubuntu-v14-latin-italic.woff2]
[boostifythemes.com/demo/html/wanderlust/assets/styles/fonts/Ubuntu/ubuntu-v14-latin-italic.woff]
[boostifythemes.com/demo/html/wanderlust/assets/styles/fonts/Ubuntu/ubuntu-v14-latin-italic.ttf]
[boostifythemes.com/demo/html/wanderlust/assets/styles/fonts/Ubuntu/ubuntu-v14-latin-italic.svg]
[boostifythemes.com/demo/html/wanderlust/assets/styles/fonts/Ubuntu/ubuntu-v14-latin-500.eot]
[boostifythemes.com/demo/html/wanderlust/assets/styles/fonts/Ubuntu/ubuntu-v14-latin-500d41d.eot]
[boostifythemes.com/demo/html/wanderlust/assets/styles/fonts/Ubuntu/ubuntu-v14-latin-500.woff2]
[boostifythemes.com/demo/html/wanderlust/assets/styles/fonts/Ubuntu/ubuntu-v14-latin-500.woff]
[boostifythemes.com/demo/html/wanderlust/assets/styles/fonts/Ubuntu/ubuntu-v14-latin-500.ttf]
[boostifythemes.com/demo/html/wanderlust/assets/styles/fonts/Ubuntu/ubuntu-v14-latin-500.svg]
[boostifythemes.com/demo/html/wanderlust/assets/styles/fonts/Ubuntu/ubuntu-v14-latin-500italic.eot]
[boostifythemes.com/demo/html/wanderlust/assets/styles/fonts/Ubuntu/ubuntu-v14-latin-500italicd41d.eot]
[boostifythemes.com/demo/html/wanderlust/assets/styles/fonts/Ubuntu/ubuntu-v14-latin-500italic.woff2]
[boostifythemes.com/demo/html/wanderlust/assets/styles/fonts/Ubuntu/ubuntu-v14-latin-500italic.woff]
[boostifythemes.com/demo/html/wanderlust/assets/styles/fonts/Ubuntu/ubuntu-v14-latin-500italic.ttf]
[boostifythemes.com/demo/html/wanderlust/assets/styles/fonts/Ubuntu/ubuntu-v14-latin-500italic.svg]
[boostifythemes.com/demo/html/wanderlust/assets/styles/fonts/Ubuntu/ubuntu-v14-latin-700.eot]
[boostifythemes.com/demo/html/wanderlust/assets/styles/fonts/Ubuntu/ubuntu-v14-latin-700d41d.eot]
[boostifythemes.com/demo/html/wanderlust/assets/styles/fonts/Ubuntu/ubuntu-v14-latin-700.woff2]
[boostifythemes.com/demo/html/wanderlust/assets/styles/fonts/Ubuntu/ubuntu-v14-latin-700.woff]
[boostifythemes.com/demo/html/wanderlust/assets/styles/fonts/Ubuntu/ubuntu-v14-latin-700.ttf]
[boostifythemes.com/demo/html/wanderlust/assets/styles/fonts/Ubuntu/ubuntu-v14-latin-700.svg]
[boostifythemes.com/demo/html/wanderlust/assets/styles/fonts/Ubuntu/ubuntu-v14-latin-700italic.eot]
[boostifythemes.com/demo/html/wanderlust/assets/styles/fonts/Ubuntu/ubuntu-v14-latin-700italicd41d.eot]
[boostifythemes.com/demo/html/wanderlust/assets/styles/fonts/Ubuntu/ubuntu-v14-latin-700italic.woff2]
[boostifythemes.com/demo/html/wanderlust/assets/styles/fonts/Ubuntu/ubuntu-v14-latin-700italic.woff]
[boostifythemes.com/demo/html/wanderlust/assets/styles/fonts/Ubuntu/ubuntu-v14-latin-700italic.ttf]
[boostifythemes.com/demo/html/wanderlust/assets/styles/fonts/Ubuntu/ubuntu-v14-latin-700italic.svg]
[boostifythemes.com/demo/html/wanderlust/assets/styles/fonts/racingsansone/racing-sans-one-v7-latin-regular.eot]
[boostifythemes.com/demo/html/wanderlust/assets/styles/fonts/racingsansone/racing-sans-one-v7-latin-regulard41d.eot]
[boostifythemes.com/demo/html/wanderlust/assets/styles/fonts/racingsansone/racing-sans-one-v7-latin-regular.woff2]
[boostifythemes.com/demo/html/wanderlust/assets/styles/fonts/racingsansone/racing-sans-one-v7-latin-regular.woff]
[boostifythemes.com/demo/html/wanderlust/assets/styles/fonts/racingsansone/racing-sans-one-v7-latin-regular.ttf]
[boostifythemes.com/demo/html/wanderlust/assets/styles/fonts/Poppins/poppins-v8-latin-regular.eot]
[boostifythemes.com/demo/html/wanderlust/assets/styles/fonts/Poppins/poppins-v8-latin-regulard41d.eot]
[boostifythemes.com/demo/html/wanderlust/assets/styles/fonts/Poppins/poppins-v8-latin-regular.woff]
[boostifythemes.com/demo/html/wanderlust/assets/styles/fonts/racingsansone/racing-sans-one-v7-latin-regular.svg]
[boostifythemes.com/demo/html/wanderlust/assets/styles/fonts/Poppins/poppins-v8-latin-regular.ttf]
[boostifythemes.com/demo/html/wanderlust/assets/styles/fonts/Poppins/poppins-v8-latin-regular.svg]
[boostifythemes.com/demo/html/wanderlust/assets/styles/fonts/Poppins/poppins-v8-latin-700.eot]
[boostifythemes.com/demo/html/wanderlust/assets/styles/fonts/Poppins/poppins-v8-latin-700d41d.eot]
[boostifythemes.com/demo/html/wanderlust/assets/styles/fonts/Poppins/poppins-v8-latin-700.woff2]
[boostifythemes.com/demo/html/wanderlust/assets/styles/fonts/Poppins/poppins-v8-latin-700.woff]
[boostifythemes.com/demo/html/wanderlust/assets/styles/fonts/Poppins/poppins-v8-latin-700.ttf]
[boostifythemes.com/demo/html/wanderlust/assets/styles/fonts/Poppins/poppins-v8-latin-700.svg]
[boostifythemes.com/demo/html/wanderlust/assets/styles/fonts/Poppins/poppins-v8-latin-800.eot]
[boostifythemes.com/demo/html/wanderlust/assets/styles/fonts/Poppins/poppins-v8-latin-800d41d.eot]
[boostifythemes.com/demo/html/wanderlust/assets/styles/fonts/Poppins/poppins-v8-latin-800.woff2]
[boostifythemes.com/demo/html/wanderlust/assets/styles/fonts/Poppins/poppins-v8-latin-800.woff]
[boostifythemes.com/demo/html/wanderlust/assets/styles/fonts/Poppins/poppins-v8-latin-800.ttf]
[boostifythemes.com/demo/html/wanderlust/assets/styles/fonts/Poppins/poppins-v8-latin-800.svg]
[boostifythemes.com/demo/html/wanderlust/assets/styles/fonts/Poppins/poppins-v8-latin-900.eot]
[boostifythemes.com/demo/html/wanderlust/assets/styles/fonts/Poppins/poppins-v8-latin-900d41d.eot]
[boostifythemes.com/demo/html/wanderlust/assets/styles/fonts/Poppins/poppins-v8-latin-900.woff2]
[boostifythemes.com/demo/html/wanderlust/assets/styles/fonts/Poppins/poppins-v8-latin-900.woff]
[boostifythemes.com/demo/html/wanderlust/assets/styles/fonts/Poppins/poppins-v8-latin-900.ttf]
[boostifythemes.com/demo/html/wanderlust/assets/styles/fonts/birdrocker/Birdrockers_Demo.otf]
[boostifythemes.com/demo/html/wanderlust/assets/styles/fonts/Poppins/poppins-v8-latin-900.svg]
[boostifythemes.com/demo/html/wanderlust/assets/images/uploads/destination/icon5-brg.jpg]
[boostifythemes.com/demo/html/wanderlust/assets/images/tours/tour_item-icon-tick.png]
[boostifythemes.com/demo/html/wanderlust/assets/images/tours/tour_item-icon-cross.png]
[boostifythemes.com/demo/html/wanderlust/assets/images/uploads/video-popup/BrgMelbourne.jpg]
[boostifythemes.com/demo/html/wanderlust/assets/images/abloutus/world.jpg]
[boostifythemes.com/demo/html/wanderlust/assets/images/uploads/tours/tour_item.jpg]
[boostifythemes.com/demo/html/wanderlust/assets/images/uploads/pagebanner/pagebanner.jpg]
[boostifythemes.com/demo/html/wanderlust/assets/images/uploads/pagebanner/pagebanner2.jpg]
[boostifythemes.com/demo/html/wanderlust/assets/images/sidebar/sidebar-contact-brg.jpg]
[boostifythemes.com/demo/html/wanderlust/assets/images/404.jpg]
[code.jquery.com/mobile/1.1.0-rc.1/images/ajax-loader.png]
[boostifythemes.com/demo/html/wanderlust/assets/images/uploads/pagebanner/header1-banner.jpg]
[boostifythemes.com/demo/html/wanderlust/assets/images/uploads/pagebanner/footerbanner.jpg]
[boostifythemes.com/demo/html/wanderlust/assets/images/q&abrg.png]
[boostifythemes.com/demo/html/wanderlust/assets/styles/style.css]
[boostifythemes.com/demo/html/wanderlust/index-2.html]
[boostifythemes.com/demo/html/wanderlust/assets/images/uploads/pagebanner/slider.jpg]
[boostifythemes.com/demo/html/wanderlust/assets/images/worldBrg.png]
[boostifythemes.com/demo/html/wanderlust/assets/images/video-popup/btn-popup2.png]
[boostifythemes.com/demo/html/wanderlust/assets/images/uploads/video-popup/bali.jpg]
[boostifythemes.com/demo/html/wanderlust/assets/images/uploads/destination/mansory1.jpg]
[boostifythemes.com/demo/html/wanderlust/assets/images/uploads/destination/mansory2.jpg]
[boostifythemes.com/demo/html/wanderlust/assets/images/uploads/destination/mansory4.jpg]
[boostifythemes.com/demo/html/wanderlust/assets/images/uploads/destination/mansory6.jpg]
[boostifythemes.com/demo/html/wanderlust/assets/images/uploads/destination/mansory3.jpg]
[boostifythemes.com/demo/html/wanderlust/assets/images/uploads/destination/mansory5.jpg]
[boostifythemes.com/demo/html/wanderlust/assets/images/worldBrg2.png]
[boostifythemes.com/demo/html/wanderlust/assets/images/uploads/testi/review1.png]
[boostifythemes.com/demo/html/wanderlust/assets/images/uploads/testi/review2.png]
[boostifythemes.com/demo/html/wanderlust/assets/images/uploads/testi/review3.png]
[boostifythemes.com/demo/html/wanderlust/assets/images/uploads/destination/icon1.png]
[boostifythemes.com/demo/html/wanderlust/assets/images/uploads/destination/icon2.png]
[boostifythemes.com/demo/html/wanderlust/assets/images/uploads/destination/icon3.png]
[boostifythemes.com/demo/html/wanderlust/assets/images/uploads/destination/icon4.png]
[boostifythemes.com/demo/html/wanderlust/assets/images/uploads/destination/icon5.png]
[boostifythemes.com/demo/html/wanderlust/index-3.html]
[boostifythemes.com/demo/html/wanderlust/assets/images/uploads/pagebanner/Slider2.jpg]
[boostifythemes.com/demo/html/wanderlust/assets/images/slider/viewArrow.png]
[boostifythemes.com/demo/html/wanderlust/assets/images/testi/planeicon.png]
[boostifythemes.com/demo/html/wanderlust/assets/images/testi/hotelicon.png]
[boostifythemes.com/demo/html/wanderlust/assets/images/testi/viewbtn.png]
[boostifythemes.com/demo/html/wanderlust/assets/images/uploads/destination/beach.jpg]
[boostifythemes.com/demo/html/wanderlust/assets/images/uploads/destination/tajmaha.jpg]
[boostifythemes.com/demo/html/wanderlust/assets/images/uploads/destination/icon7.png]
[boostifythemes.com/demo/html/wanderlust/assets/images/uploads/destination/icon9.png]
[boostifythemes.com/demo/html/wanderlust/assets/images/uploads/destination/desti-3-1.jpg]
[boostifythemes.com/demo/html/wanderlust/assets/images/uploads/destination/desti-3-2.jpg]
[boostifythemes.com/demo/html/wanderlust/assets/images/uploads/destination/desti-3-3.jpg]
[boostifythemes.com/demo/html/wanderlust/assets/images/uploads/destination/desti-3-4.jpg]
[boostifythemes.com/demo/html/wanderlust/assets/images/uploads/destination/desti-3-5.jpg]
[boostifythemes.com/demo/html/wanderlust/assets/images/uploads/destination/desti-3-6.jpg]
[boostifythemes.com/demo/html/wanderlust/assets/images/uploads/testi/expert1.png]
[boostifythemes.com/demo/html/wanderlust/assets/images/abloutus/share1.png]
[boostifythemes.com/demo/html/wanderlust/assets/images/abloutus/share2.png]
[boostifythemes.com/demo/html/wanderlust/assets/images/abloutus/share3.png]
[boostifythemes.com/demo/html/wanderlust/assets/images/uploads/testi/expert2.png]
[boostifythemes.com/demo/html/wanderlust/assets/images/uploads/testi/expert3.png]
[boostifythemes.com/demo/html/wanderlust/assets/images/socials/footer2ins.png]
[boostifythemes.com/demo/html/wanderlust/assets/images/socials/footer2face.png]
[boostifythemes.com/demo/html/wanderlust/assets/images/socials/footer2twitter.png]
[boostifythemes.com/demo/html/wanderlust/assets/images/socials/footer2V.png]
[boostifythemes.com/demo/html/wanderlust/assets/images/socials/footer2yt.png]
[boostifythemes.com/demo/html/wanderlust/assets/images/socials/footer2print.png]
[boostifythemes.com/demo/html/wanderlust/assets/images/footerworld.png]
[boostifythemes.com/demo/html/wanderlust/index-4.html]
[boostifythemes.com/demo/html/wanderlust/assets/images/mailcontact.png]
[boostifythemes.com/demo/html/wanderlust/assets/images/header4phone.png]
[boostifythemes.com/demo/html/wanderlust/assets/images/header4upperIns.png]
[boostifythemes.com/demo/html/wanderlust/assets/images/header4face.png]
[boostifythemes.com/demo/html/wanderlust/assets/images/header4twitter.png]
[boostifythemes.com/demo/html/wanderlust/assets/images/uploads/pagebanner/slider3.jpg]
[boostifythemes.com/demo/html/wanderlust/assets/images/tours/mansortour1.jpg]
[boostifythemes.com/demo/html/wanderlust/assets/images/uploads/tours/mansortour2.jpg]
[boostifythemes.com/demo/html/wanderlust/assets/images/uploads/tours/mansortour3.jpg]
[boostifythemes.com/demo/html/wanderlust/assets/images/uploads/tours/mansortour4.jpg]
[boostifythemes.com/demo/html/wanderlust/assets/images/uploads/tours/mansortour5.jpg]
[boostifythemes.com/demo/html/wanderlust/assets/scripts/countdownsale.js]
[boostifythemes.com/demo/html/wanderlust/assets/images/destination/boderImg.png]
[boostifythemes.com/demo/html/wanderlust/assets/images/uploads/destination/vietnam.png]
[boostifythemes.com/demo/html/wanderlust/assets/images/uploads/destination/germany.png]
[boostifythemes.com/demo/html/wanderlust/assets/images/uploads/destination/malysia.png]
[boostifythemes.com/demo/html/wanderlust/assets/images/uploads/destination/turkey.png]
[boostifythemes.com/demo/html/wanderlust/assets/images/uploads/destination/singapore.png]
[boostifythemes.com/demo/html/wanderlust/assets/images/destination/rightArrow.png]
[boostifythemes.com/demo/html/wanderlust/assets/images/uploads/destination/effel.png]
[boostifythemes.com/demo/html/wanderlust/assets/images/uploads/destination/japan.png]
[boostifythemes.com/demo/html/wanderlust/assets/images/uploads/destination/usa.png]
[boostifythemes.com/demo/html/wanderlust/assets/images/discover.png]
[boostifythemes.com/demo/html/wanderlust/assets/images/paypal.png]
[boostifythemes.com/demo/html/wanderlust/assets/images/visa.png]
[boostifythemes.com/demo/html/wanderlust/assets/images/mastercard.png]
[boostifythemes.com/demo/html/wanderlust/index-5.html]
[boostifythemes.com/demo/html/wanderlust/assets/images/uploads/pagebanner/scubadiving.jpg]
[boostifythemes.com/demo/html/wanderlust/assets/images/uploads/destination/desti5-1.jpg]
[boostifythemes.com/demo/html/wanderlust/assets/images/uploads/destination/desti5-2.jpg]
[boostifythemes.com/demo/html/wanderlust/assets/images/uploads/destination/desti5-3.jpg]
[boostifythemes.com/demo/html/wanderlust/assets/images/uploads/destination/desti5-4.jpg]
[boostifythemes.com/demo/html/wanderlust/assets/images/uploads/gallery/gall1.jpg]
[boostifythemes.com/demo/html/wanderlust/assets/images/uploads/gallery/gall2.jpg]
[boostifythemes.com/demo/html/wanderlust/assets/images/uploads/tours/bestsell1.jpg]
[boostifythemes.com/demo/html/wanderlust/assets/images/uploads/tours/bestsell2.jpg]
[boostifythemes.com/demo/html/wanderlust/assets/images/uploads/tours/bestsell3.jpg]
[boostifythemes.com/demo/html/wanderlust/assets/images/uploads/tours/bestsell4.jpg]
[boostifythemes.com/demo/html/wanderlust/assets/images/uploads/tours/bestsell5.jpg]
[boostifythemes.com/demo/html/wanderlust/assets/images/uploads/destination/icon5-1.png]
[boostifythemes.com/demo/html/wanderlust/assets/images/uploads/destination/icon5-2.png]
[boostifythemes.com/demo/html/wanderlust/assets/images/uploads/destination/icon5-3.png]
[boostifythemes.com/demo/html/wanderlust/assets/images/uploads/destination/icon5-4.png]
[boostifythemes.com/demo/html/wanderlust/assets/images/uploads/destination/icon5-5.png]
[boostifythemes.com/demo/html/wanderlust/assets/images/uploads/testi/tralveltip2-1.jpg]
[boostifythemes.com/demo/html/wanderlust/assets/images/uploads/testi/tralveltip2-2.jpg]
[boostifythemes.com/demo/html/wanderlust/assets/images/uploads/testi/instagram1.jpg]
[boostifythemes.com/demo/html/wanderlust/assets/images/uploads/testi/instagram2.jpg]
[boostifythemes.com/demo/html/wanderlust/assets/images/uploads/testi/instagram3.jpg]
[boostifythemes.com/demo/html/wanderlust/assets/images/uploads/testi/instagram4.jpg]
[boostifythemes.com/demo/html/wanderlust/assets/images/uploads/testi/instagram5.jpg]
[boostifythemes.com/demo/html/wanderlust/assets/images/uploads/testi/instagram6.jpg]
[boostifythemes.com/demo/html/wanderlust/index-6.html]
[boostifythemes.com/demo/html/wanderlust/assets/scripts/priceRangeSlider.js]
[boostifythemes.com/demo/html/wanderlust/assets/images/tours/sort-mode-list.png]
[boostifythemes.com/demo/html/wanderlust/assets/images/tours/sort-mode-grid.png]
[boostifythemes.com/demo/html/wanderlust/assets/images/uploads/destination/seoul.jpg]
[boostifythemes.com/demo/html/wanderlust/tour-grid.html]
[boostifythemes.com/demo/html/wanderlust/tour-list.html]
[boostifythemes.com/demo/html/wanderlust/assets/images/tours/tour_item-icon-pic.png]
[boostifythemes.com/demo/html/wanderlust/assets/images/tours/tour_item-icon-video.png]
[boostifythemes.com/demo/html/wanderlust/assets/images/tours/tour_item-icon-lasting.png]
[boostifythemes.com/demo/html/wanderlust/assets/images/tours/tour_item-icon-group.png]
[boostifythemes.com/demo/html/wanderlust/assets/images/tours/tour_item-icon-address.png]
[boostifythemes.com/demo/html/wanderlust/assets/images/tours/tour_item-icon-age-range.png]
[boostifythemes.com/demo/html/wanderlust/assets/images/uploads/tours/tour_item__comment1.png]
[boostifythemes.com/demo/html/wanderlust/assets/images/uploads/tours/tour_item__comment2.png]
[boostifythemes.com/demo/html/wanderlust/assets/images/sidebar/phone.png]
[boostifythemes.com/demo/html/wanderlust/assets/images/sidebar/mail.png]
[boostifythemes.com/demo/html/wanderlust/tour-item.html]
[boostifythemes.com/demo/html/wanderlust/assets/images/uploads/gallery/gall-syn1.jpg]
[boostifythemes.com/demo/html/wanderlust/assets/images/uploads/gallery/gall-syn2.jpg]
[boostifythemes.com/demo/html/wanderlust/assets/images/uploads/gallery/gall-syn4.jpg]
[boostifythemes.com/demo/html/wanderlust/assets/images/uploads/gallery/gall-syn5.jpg]
[boostifythemes.com/demo/html/wanderlust/assets/images/uploads/gallery/gall-syn6.jpg]
[boostifythemes.com/demo/html/wanderlust/tour-item-2.html]
[boostifythemes.com/demo/html/wanderlust/tour-item-3.html]
[boostifythemes.com/demo/html/wanderlust/assets/images/uploads/destination/desti6.jpg]
[boostifythemes.com/demo/html/wanderlust/assets/images/uploads/destination/desti7.jpg]
[boostifythemes.com/demo/html/wanderlust/assets/images/uploads/destination/desti8.jpg]
[boostifythemes.com/demo/html/wanderlust/assets/images/uploads/destination/desti9.jpg]
[boostifythemes.com/demo/html/wanderlust/destination-grid.html]
[boostifythemes.com/demo/html/wanderlust/assets/images/uploads/destination/mansory7.jpg]
[boostifythemes.com/demo/html/wanderlust/assets/images/uploads/destination/mansory8.jpg]
[boostifythemes.com/demo/html/wanderlust/assets/images/uploads/destination/mansory9.jpg]
[boostifythemes.com/demo/html/wanderlust/assets/images/uploads/destination/mansory10.jpg]
[boostifythemes.com/demo/html/wanderlust/assets/images/uploads/destination/mansory11.jpg]
[boostifythemes.com/demo/html/wanderlust/assets/images/uploads/destination/mansory12.jpg]
[boostifythemes.com/demo/html/wanderlust/destination-mansory.html]
[boostifythemes.com/demo/html/wanderlust/assets/images/uploads/destination/destination_item1.jpg]
[boostifythemes.com/demo/html/wanderlust/assets/images/uploads/destination/destination_item2.jpg]
[boostifythemes.com/demo/html/wanderlust/assets/images/uploads/destination/destination_item3.jpg]
[boostifythemes.com/demo/html/wanderlust/assets/images/uploads/destination/destination_item-mansory1.jpg]
[boostifythemes.com/demo/html/wanderlust/assets/images/uploads/destination/destination_item-mansory2.jpg]
[boostifythemes.com/demo/html/wanderlust/assets/images/destination/search.png]
[boostifythemes.com/demo/html/wanderlust/assets/images/uploads/destination/author.jpg]
[boostifythemes.com/demo/html/wanderlust/destination-item.html]
[boostifythemes.com/demo/html/wanderlust/assets/images/uploads/blog/blog-list-1.jpg]
[boostifythemes.com/demo/html/wanderlust/assets/images/uploads/blog/blog-list-2.jpg]
[boostifythemes.com/demo/html/wanderlust/assets/images/uploads/blog/sidebar.jpg]
[boostifythemes.com/demo/html/wanderlust/blog.html]
[boostifythemes.com/demo/html/wanderlust/assets/images/uploads/blog/blog_grid1.jpg]
[boostifythemes.com/demo/html/wanderlust/assets/images/uploads/blog/blog_grid2.jpg]
[boostifythemes.com/demo/html/wanderlust/assets/images/uploads/blog/blog_grid3.jpg]
[boostifythemes.com/demo/html/wanderlust/assets/images/uploads/blog/blog_grid4.jpg]
[boostifythemes.com/demo/html/wanderlust/assets/images/uploads/blog/blog_grid7.jpg]
[boostifythemes.com/demo/html/wanderlust/assets/images/uploads/blog/blog_grid5.jpg]
[boostifythemes.com/demo/html/wanderlust/assets/images/uploads/blog/blog_grid6.jpg]
[boostifythemes.com/demo/html/wanderlust/assets/images/uploads/blog/blog_grid8.jpg]
[boostifythemes.com/demo/html/wanderlust/assets/images/uploads/blog/blog_grid9.jpg]
[boostifythemes.com/demo/html/wanderlust/blog-grid.html]
[boostifythemes.com/demo/html/wanderlust/assets/images/uploads/blog/blog-single1.jpg]
[boostifythemes.com/demo/html/wanderlust/assets/images/uploads/blog/blog-single2.jpg]
[boostifythemes.com/demo/html/wanderlust/assets/images/uploads/blog/blog-single3.jpg]
[boostifythemes.com/demo/html/wanderlust/assets/images/blog/ins.png]
[boostifythemes.com/demo/html/wanderlust/assets/images/blog/facebook.png]
[boostifythemes.com/demo/html/wanderlust/assets/images/blog/twit.png]
[boostifythemes.com/demo/html/wanderlust/assets/images/uploads/tours/bestsell6.jpg]
[boostifythemes.com/demo/html/wanderlust/assets/images/uploads/blog/comment.png]
[boostifythemes.com/demo/html/wanderlust/assets/images/uploads/blog/comment2.png]
[boostifythemes.com/demo/html/wanderlust/blog-single.html]
[boostifythemes.com/demo/html/wanderlust/assets/images/uploads/aboutus/aboutus1.jpg]
[boostifythemes.com/demo/html/wanderlust/assets/images/uploads/aboutus/aboutus2.jpg]
[boostifythemes.com/demo/html/wanderlust/assets/images/uploads/aboutus/aboutus3.jpg]
[boostifythemes.com/demo/html/wanderlust/assets/images/uploads/aboutus/aboutus1.png]
[boostifythemes.com/demo/html/wanderlust/assets/images/uploads/aboutus/aboutus2.png]
[boostifythemes.com/demo/html/wanderlust/assets/images/uploads/aboutus/preview-video.jpg]
[boostifythemes.com/demo/html/wanderlust/assets/images/uploads/aboutus/ourteam1.jpg]
[boostifythemes.com/demo/html/wanderlust/assets/images/uploads/aboutus/ourteam2.jpg]
[boostifythemes.com/demo/html/wanderlust/assets/images/uploads/aboutus/ourteam3.jpg]
[boostifythemes.com/demo/html/wanderlust/assets/images/uploads/aboutus/ourteam4.jpg]
[boostifythemes.com/demo/html/wanderlust/aboutus.html]
[boostifythemes.com/demo/html/wanderlust/404.html]
[boostifythemes.com/demo/html/wanderlust/assets/images/contact-addresst.png]
[boostifythemes.com/demo/html/wanderlust/assets/images/contact-mail.png]
[boostifythemes.com/demo/html/wanderlust/assets/images/contact-phone.png]
[boostifythemes.com/demo/html/wanderlust/contact.html]
[boostifythemes.com/demo/html/wanderlust/assets/scripts/jquery-3.4.1.js]
[boostifythemes.com/demo/html/wanderlust/assets/scripts/slick.min.js]
[boostifythemes.com/demo/html/wanderlust/assets/scripts/jquery.datepicker2.js]
[boostifythemes.com/demo/html/wanderlust/assets/scripts/isotope.pkgd.min.js]
[boostifythemes.com/demo/html/wanderlust/assets/scripts/app.js]
[boostifythemes.com/demo/html/wanderlust/assets/styles/fonts/fontawesome-webfont.svg]
[boostifythemes.com/demo/html/wanderlust/assets/styles/fonts/webfonts/fa-regular-400.svg]
[boostifythemes.com/demo/html/wanderlust/assets/images/uploads/destination/desti5.jpg]
[boostifythemes.com/demo/html/wanderlust/assets/styles/fonts/webfonts/fa-solid-900.svg]
[boostifythemes.com/demo/html/wanderlust/assets/styles/fonts/webfonts/fa-solid-900.ttf]
[boostifythemes.com/demo/html/wanderlust/assets/styles/fonts/webfonts/fa-brands-400.svg]
[boostifythemes.com/demo/html/wanderlust/assets/styles/fonts/Lato/lato-v15-latin-regular.svg]
[boostifythemes.com/demo/html/wanderlust/assets/styles/fontsLato/lato-v15-latin-700.html]
[boostifythemes.com/demo/html/wanderlust/assets/styles/fonts/Lato/lato-v15-latin-700.svg]
[boostifythemes.com/demo/html/wanderlust/assets/styles/fonts/Lato/lato-v15-latin-300.svg]
[boostifythemes.com/demo/html/wanderlust/assets/styles/fontsLato/lato-v15-latin-900.html]
[boostifythemes.com/demo/html/wanderlust/assets/styles/fonts/Lato/lato-v15-latin-900.svg]
[boostifythemes.com/demo/html/wanderlust/assets/styles/fonts/Ubuntu/ubuntu-v14-latin-300.svg]
[boostifythemes.com/demo/html/wanderlust/assets/styles/fonts/Ubuntu/ubuntu-v14-latin-300italic.svg]
[boostifythemes.com/demo/html/wanderlust/assets/styles/fonts/Ubuntu/ubuntu-v14-latin-regular.svg]
[boostifythemes.com/demo/html/wanderlust/assets/styles/fonts/Ubuntu/ubuntu-v14-latin-italic.svg]
[boostifythemes.com/demo/html/wanderlust/assets/styles/fonts/Ubuntu/ubuntu-v14-latin-500.svg]
[boostifythemes.com/demo/html/wanderlust/assets/styles/fonts/Ubuntu/ubuntu-v14-latin-500italic.svg]
[boostifythemes.com/demo/html/wanderlust/assets/styles/fonts/Ubuntu/ubuntu-v14-latin-700.svg]
[boostifythemes.com/demo/html/wanderlust/assets/styles/fonts/Ubuntu/ubuntu-v14-latin-700italic.svg]
[boostifythemes.com/demo/html/wanderlust/assets/styles/fonts/racingsansone/racing-sans-one-v7-latin-regular.svg]
[boostifythemes.com/demo/html/wanderlust/assets/styles/fonts/Ubuntu/ubuntu-v14-latin-300.eot]
[boostifythemes.com/demo/html/wanderlust/assets/styles/fonts/Poppins/poppins-v8-latin-regular.svg]
[boostifythemes.com/demo/html/wanderlust/assets/styles/fonts/Poppins/poppins-v8-latin-700.svg]
[boostifythemes.com/demo/html/wanderlust/assets/styles/fonts/Poppins/poppins-v8-latin-800.svg]
[boostifythemes.com/demo/html/wanderlust/assets/styles/fonts/Poppins/poppins-v8-latin-900.svg]
[boostifythemes.com/demo/html/wanderlust/true/index.html]
[boostifythemes.com/demo/html/wanderlust/assets/images/call.png]
[boostifythemes.com/demo/html/wanderlust/assets/images/uploads/destination/icon8.png]
[boostifythemes.com/demo/html/wanderlust/assets/scripts/countdownsale.js]
[boostifythemes.com/demo/html/wanderlust/assets/scripts/priceRangeSlider.js]
[boostifythemes.com/demo/html/wanderlust/assets/styles/fonts/Poppins/poppins-v8-latin-regular.woff2]
[boostifythemes.com/demo/html/wanderlust/assets/images/uploads/gallery/gall-syn3.jpg]
[boostifythemes.com/demo/html/wanderlust/assets/images/uploads/gallery/gall3.jpg]
[boostifythemes.com/demo/html/wanderlust/assets/images/uploads/blog/blog-list-3.jpg]
[boostifythemes.com/demo/html/wanderlust/assets/images/uploads/blog/blog-list-4.jpg]
[boostifythemes.com/demo/html/wanderlust/true/index.html]
[boostifythemes.com/demo/html/wanderlust/assets/styles/fonts/Ubuntu/ubuntu-v14-latin-300d41d.eot]
